[    0.000000] Linux version 4.15.0-58-generic (buildd@lcy01-amd64-013) (gcc version 7.4.0 (Ubuntu 7.4.0-1ubuntu1~18.04.1)) #64-Ubuntu SMP Tue Aug 6 11:12:41 UTC 2019 (Ubuntu 4.15.0-58.64-generic 4.15.18)
[    0.000000] Command line: BOOT_IMAGE=/boot/vmlinuz-4.15.0-58-generic root=LABEL=cloudimg-rootfs ro console=tty1 console=ttyS0
[    0.000000] KERNEL supported cpus:
[    0.000000]   Intel GenuineIntel
[    0.000000]   AMD AuthenticAMD
[    0.000000]   Centaur CentaurHauls
[    0.000000] x86/fpu: Supporting XSAVE feature 0x001: 'x87 floating point registers'
[    0.000000] x86/fpu: Supporting XSAVE feature 0x002: 'SSE registers'
[    0.000000] x86/fpu: Supporting XSAVE feature 0x004: 'AVX registers'
[    0.000000] x86/fpu: xstate_offset[2]:  576, xstate_sizes[2]:  256
[    0.000000] x86/fpu: Enabled xstate features 0x7, context size is 832 bytes, using 'standard' format.
[    0.000000] e820: BIOS-provided physical RAM map:
[    0.000000] BIOS-e820: [mem 0x0000000000000000-0x000000000009fbff] usable
[    0.000000] BIOS-e820: [mem 0x000000000009fc00-0x000000000009ffff] reserved
[    0.000000] BIOS-e820: [mem 0x00000000000f0000-0x00000000000fffff] reserved
[    0.000000] BIOS-e820: [mem 0x0000000000100000-0x000000007ffeffff] usable
[    0.000000] BIOS-e820: [mem 0x000000007fff0000-0x000000007fffffff] ACPI data
[    0.000000] BIOS-e820: [mem 0x00000000fec00000-0x00000000fec00fff] reserved
[    0.000000] BIOS-e820: [mem 0x00000000fee00000-0x00000000fee00fff] reserved
[    0.000000] BIOS-e820: [mem 0x00000000fffc0000-0x00000000ffffffff] reserved
[    0.000000] NX (Execute Disable) protection: active
[    0.000000] SMBIOS 2.5 present.
[    0.000000] DMI: innotek GmbH VirtualBox/VirtualBox, BIOS VirtualBox 12/01/2006
[    0.000000] Hypervisor detected: KVM
[    0.000000] e820: last_pfn = 0x7fff0 max_arch_pfn = 0x400000000
[    0.000000] MTRR: Disabled
[    0.000000] x86/PAT: MTRRs disabled, skipping PAT initialization too.
[    0.000000] CPU MTRRs all blank - virtualized system.
[    0.000000] x86/PAT: Configuration [0-7]: WB  WT  UC- UC  WB  WT  UC- UC  
[    0.000000] found SMP MP-table at [mem 0x0009fff0-0x0009ffff] mapped at [        (ptrval)]
[    0.000000] Scanning 1 areas for low memory corruption
[    0.000000] RAMDISK: [mem 0x35a8b000-0x36d3cfff]
[    0.000000] ACPI: Early table checksum verification disabled
[    0.000000] ACPI: RSDP 0x00000000000E0000 000024 (v02 VBOX  )
[    0.000000] ACPI: XSDT 0x000000007FFF0030 00003C (v01 VBOX   VBOXXSDT 00000001 ASL  00000061)
[    0.000000] ACPI: FACP 0x000000007FFF00F0 0000F4 (v04 VBOX   VBOXFACP 00000001 ASL  00000061)
[    0.000000] ACPI: DSDT 0x000000007FFF0470 0022EA (v02 VBOX   VBOXBIOS 00000002 INTL 20100528)
[    0.000000] ACPI: FACS 0x000000007FFF0200 000040
[    0.000000] ACPI: FACS 0x000000007FFF0200 000040
[    0.000000] ACPI: APIC 0x000000007FFF0240 000054 (v02 VBOX   VBOXAPIC 00000001 ASL  00000061)
[    0.000000] ACPI: SSDT 0x000000007FFF02A0 0001CC (v01 VBOX   VBOXCPUT 00000002 INTL 20100528)
[    0.000000] No NUMA configuration found
[    0.000000] Faking a node at [mem 0x0000000000000000-0x000000007ffeffff]
[    0.000000] NODE_DATA(0) allocated [mem 0x7ffc5000-0x7ffeffff]
[    0.000000] kvm-clock: cpu 0, msr 0:7ff44001, primary cpu clock
[    0.000000] kvm-clock: Using msrs 4b564d01 and 4b564d00
[    0.000000] kvm-clock: using sched offset of 3311290800 cycles
[    0.000000] clocksource: kvm-clock: mask: 0xffffffffffffffff max_cycles: 0x1cd42e4dffb, max_idle_ns: 881590591483 ns
[    0.000000] Zone ranges:
[    0.000000]   DMA      [mem 0x0000000000001000-0x0000000000ffffff]
[    0.000000]   DMA32    [mem 0x0000000001000000-0x000000007ffeffff]
[    0.000000]   Normal   empty
[    0.000000]   Device   empty
[    0.000000] Movable zone start for each node
[    0.000000] Early memory node ranges
[    0.000000]   node   0: [mem 0x0000000000001000-0x000000000009efff]
[    0.000000]   node   0: [mem 0x0000000000100000-0x000000007ffeffff]
[    0.000000] Reserved but unavailable: 98 pages
[    0.000000] Initmem setup node 0 [mem 0x0000000000001000-0x000000007ffeffff]
[    0.000000] ACPI: PM-Timer IO Port: 0x4008
[    0.000000] IOAPIC[0]: apic_id 1, version 32, address 0xfec00000, GSI 0-23
[    0.000000] ACPI: INT_SRC_OVR (bus 0 bus_irq 0 global_irq 2 dfl dfl)
[    0.000000] ACPI: INT_SRC_OVR (bus 0 bus_irq 9 global_irq 9 low level)
[    0.000000] Using ACPI (MADT) for SMP configuration information
[    0.000000] smpboot: Allowing 1 CPUs, 0 hotplug CPUs
[    0.000000] PM: Registered nosave memory: [mem 0x00000000-0x00000fff]
[    0.000000] PM: Registered nosave memory: [mem 0x0009f000-0x0009ffff]
[    0.000000] PM: Registered nosave memory: [mem 0x000a0000-0x000effff]
[    0.000000] PM: Registered nosave memory: [mem 0x000f0000-0x000fffff]
[    0.000000] e820: [mem 0x80000000-0xfebfffff] available for PCI devices
[    0.000000] Booting paravirtualized kernel on KVM
[    0.000000] clocksource: refined-jiffies: mask: 0xffffffff max_cycles: 0xffffffff, max_idle_ns: 7645519600211568 ns
[    0.000000] random: get_random_bytes called from start_kernel+0x99/0x4fd with crng_init=0
[    0.000000] setup_percpu: NR_CPUS:8192 nr_cpumask_bits:1 nr_cpu_ids:1 nr_node_ids:1
[    0.000000] percpu: Embedded 46 pages/cpu @        (ptrval) s151552 r8192 d28672 u2097152
[    0.000000] PV qspinlock hash table entries: 256 (order: 0, 4096 bytes)
[    0.000000] Built 1 zonelists, mobility grouping on.  Total pages: 515961
[    0.000000] Policy zone: DMA32
[    0.000000] Kernel command line: BOOT_IMAGE=/boot/vmlinuz-4.15.0-58-generic root=LABEL=cloudimg-rootfs ro console=tty1 console=ttyS0
[    0.000000] Memory: 2015828K/2096696K available (12300K kernel code, 2478K rwdata, 4280K rodata, 2424K init, 2384K bss, 80868K reserved, 0K cma-reserved)
[    0.000000] SLUB: HWalign=64, Order=0-3, MinObjects=0, CPUs=1, Nodes=1
[    0.000000] Kernel/User page tables isolation: enabled
[    0.000000] ftrace: allocating 39243 entries in 154 pages
[    0.004000] Hierarchical RCU implementation.
[    0.004000] 	RCU restricting CPUs from NR_CPUS=8192 to nr_cpu_ids=1.
[    0.004000] 	Tasks RCU enabled.
[    0.004000] RCU: Adjusting geometry for rcu_fanout_leaf=16, nr_cpu_ids=1
[    0.004000] NR_IRQS: 524544, nr_irqs: 256, preallocated irqs: 16
[    0.004000] Console: colour VGA+ 80x25
[    0.004000] console [tty1] enabled
[    0.004000] console [ttyS0] enabled
[    0.004000] ACPI: Core revision 20170831
[    0.004000] ACPI: 2 ACPI AML tables successfully acquired and loaded
[    0.004000] APIC: Switch to symmetric I/O mode setup
[    0.004000] x2apic enabled
[    0.004000] Switched APIC routing to physical x2apic.
[    0.004000] ..TIMER: vector=0x30 apic1=0 pin1=2 apic2=-1 pin2=-1
[    0.004003] tsc: Detected 2303.998 MHz processor
[    0.004668] Calibrating delay loop (skipped) preset value.. 4607.99 BogoMIPS (lpj=9215992)
[    0.005966] pid_max: default: 32768 minimum: 301
[    0.006660] Security Framework initialized
[    0.008002] Yama: becoming mindful.
[    0.009064] AppArmor: AppArmor initialized
[    0.011158] Dentry cache hash table entries: 262144 (order: 9, 2097152 bytes)
[    0.013735] Inode-cache hash table entries: 131072 (order: 8, 1048576 bytes)
[    0.016012] Mount-cache hash table entries: 4096 (order: 3, 32768 bytes)
[    0.017215] Mountpoint-cache hash table entries: 4096 (order: 3, 32768 bytes)
[    0.018526] mce: CPU supports 0 MCE banks
[    0.019156] process: using mwait in idle threads
[    0.020004] Last level iTLB entries: 4KB 64, 2MB 8, 4MB 8
[    0.020813] Last level dTLB entries: 4KB 64, 2MB 0, 4MB 0, 1GB 4
[    0.022059] Spectre V1 : Mitigation: usercopy/swapgs barriers and __user pointer sanitization
[    0.023320] Spectre V2 : Mitigation: Full generic retpoline
[    0.024001] Spectre V2 : Spectre v2 / SpectreRSB mitigation: Filling RSB on context switch
[    0.025750] Speculative Store Bypass: Vulnerable
[    0.026486] MDS: Mitigation: Clear CPU buffers
[    0.039172] Freeing SMP alternatives memory: 36K
[    0.044000] smpboot: CPU0: Intel(R) Core(TM) i9-9880H CPU @ 2.30GHz (family: 0x6, model: 0x9e, stepping: 0xd)
[    0.044000] Performance Events: unsupported p6 CPU model 158 no PMU driver, software events only.
[    0.044000] Hierarchical SRCU implementation.
[    0.044440] NMI watchdog: Perf event create on CPU 0 failed with -2
[    0.045357] NMI watchdog: Perf NMI watchdog permanently disabled
[    0.046259] smp: Bringing up secondary CPUs ...
[    0.046942] smp: Brought up 1 node, 1 CPU
[    0.048002] smpboot: Max logical packages: 1
[    0.049028] smpboot: Total of 1 processors activated (4607.99 BogoMIPS)
[    0.050852] devtmpfs: initialized
[    0.052039] x86/mm: Memory block size: 128MB
[    0.052955] evm: security.selinux
[    0.053477] evm: security.SMACK64
[    0.053993] evm: security.SMACK64EXEC
[    0.054558] evm: security.SMACK64TRANSMUTE
[    0.055182] evm: security.SMACK64MMAP
[    0.055744] evm: security.apparmor
[    0.056002] evm: security.ima
[    0.056710] evm: security.capability
[    0.057642] clocksource: jiffies: mask: 0xffffffff max_cycles: 0xffffffff, max_idle_ns: 7645041785100000 ns
[    0.060007] futex hash table entries: 256 (order: 2, 16384 bytes)
[    0.060980] pinctrl core: initialized pinctrl subsystem
[    0.062089] RTC time:  2:43:51, date: 11/17/19
[    0.063197] NET: Registered protocol family 16
[    0.064048] audit: initializing netlink subsys (disabled)
[    0.064927] cpuidle: using governor ladder
[    0.065558] cpuidle: using governor menu
[    0.066351] ACPI: bus type PCI registered
[    0.067276] acpiphp: ACPI Hot Plug PCI Controller Driver version: 0.5
[    0.068005] audit: type=2000 audit(1573958635.887:1): state=initialized audit_enabled=0 res=1
[    0.070102] PCI: Using configuration type 1 for base access
[    0.072740] HugeTLB registered 2.00 MiB page size, pre-allocated 0 pages
[    0.073826] ACPI: Added _OSI(Module Device)
[    0.074680] ACPI: Added _OSI(Processor Device)
[    0.076003] ACPI: Added _OSI(3.0 _SCP Extensions)
[    0.076914] ACPI: Added _OSI(Processor Aggregator Device)
[    0.077734] ACPI: Added _OSI(Linux-Dell-Video)
[    0.078401] ACPI: Added _OSI(Linux-Lenovo-NV-HDMI-Audio)
[    0.079195] ACPI: Added _OSI(Linux-HPI-Hybrid-Graphics)
[    0.080287] ACPI: Executed 1 blocks of module-level executable AML code
[    0.084458] ACPI: Interpreter enabled
[    0.085187] ACPI: (supports S0 S5)
[    0.086028] ACPI: Using IOAPIC for interrupt routing
[    0.087210] PCI: Using host bridge windows from ACPI; if necessary, use "pci=nocrs" and report a bug
[    0.088146] ACPI: Enabled 2 GPEs in block 00 to 07
[    0.095346] ACPI: PCI Root Bridge [PCI0] (domain 0000 [bus 00-ff])
[    0.096007] acpi PNP0A03:00: _OSC: OS supports [ASPM ClockPM Segments MSI]
[    0.097472] acpi PNP0A03:00: _OSC: not requesting OS control; OS requires [ExtendedConfig ASPM ClockPM MSI]
[    0.100012] acpi PNP0A03:00: fail to add MMCONFIG information, can't access extended PCI configuration space under this bridge.
[    0.101997] PCI host bridge to bus 0000:00
[    0.102632] pci_bus 0000:00: root bus resource [io  0x0000-0x0cf7 window]
[    0.104002] pci_bus 0000:00: root bus resource [io  0x0d00-0xffff window]
[    0.104993] pci_bus 0000:00: root bus resource [mem 0x000a0000-0x000bffff window]
[    0.106107] pci_bus 0000:00: root bus resource [mem 0x80000000-0xfdffffff window]
[    0.107223] pci_bus 0000:00: root bus resource [bus 00-ff]
[    0.110001] pci 0000:00:01.1: legacy IDE quirk: reg 0x10: [io  0x01f0-0x01f7]
[    0.112003] pci 0000:00:01.1: legacy IDE quirk: reg 0x14: [io  0x03f6]
[    0.113093] pci 0000:00:01.1: legacy IDE quirk: reg 0x18: [io  0x0170-0x0177]
[    0.114516] pci 0000:00:01.1: legacy IDE quirk: reg 0x1c: [io  0x0376]
[    0.129523] pci 0000:00:07.0: quirk: [io  0x4000-0x403f] claimed by PIIX4 ACPI
[    0.131060] pci 0000:00:07.0: quirk: [io  0x4100-0x410f] claimed by PIIX4 SMB
[    0.140340] ACPI: PCI Interrupt Link [LNKA] (IRQs 5 9 10 *11)
[    0.141813] ACPI: PCI Interrupt Link [LNKB] (IRQs 5 9 *10 11)
[    0.143149] ACPI: PCI Interrupt Link [LNKC] (IRQs 5 *9 10 11)
[    0.144096] ACPI: PCI Interrupt Link [LNKD] (IRQs 5 9 10 *11)
[    0.145184] SCSI subsystem initialized
[    0.145823] pci 0000:00:02.0: vgaarb: setting as boot VGA device
[    0.146674] pci 0000:00:02.0: vgaarb: VGA device added: decodes=io+mem,owns=io+mem,locks=none
[    0.147878] pci 0000:00:02.0: vgaarb: bridge control possible
[    0.148001] vgaarb: loaded
[    0.148641] ACPI: bus type USB registered
[    0.149545] usbcore: registered new interface driver usbfs
[    0.150332] usbcore: registered new interface driver hub
[    0.151098] usbcore: registered new device driver usb
[    0.152035] EDAC MC: Ver: 3.0.0
[    0.152774] PCI: Using ACPI for IRQ routing
[    0.153984] NetLabel: Initializing
[    0.154539] NetLabel:  domain hash size = 128
[    0.155172] NetLabel:  protocols = UNLABELED CIPSOv4 CALIPSO
[    0.156018] NetLabel:  unlabeled traffic allowed by default
[    0.156879] clocksource: Switched to clocksource kvm-clock
[    0.166414] VFS: Disk quotas dquot_6.6.0
[    0.167436] VFS: Dquot-cache hash table entries: 512 (order 0, 4096 bytes)
[    0.168553] AppArmor: AppArmor Filesystem Enabled
[    0.169254] pnp: PnP ACPI init
[    0.170673] pnp: PnP ACPI: found 3 devices
[    0.176766] clocksource: acpi_pm: mask: 0xffffff max_cycles: 0xffffff, max_idle_ns: 2085701024 ns
[    0.178769] NET: Registered protocol family 2
[    0.179774] TCP established hash table entries: 16384 (order: 5, 131072 bytes)
[    0.180865] TCP bind hash table entries: 16384 (order: 6, 262144 bytes)
[    0.181804] TCP: Hash tables configured (established 16384 bind 16384)
[    0.182725] UDP hash table entries: 1024 (order: 3, 32768 bytes)
[    0.183703] UDP-Lite hash table entries: 1024 (order: 3, 32768 bytes)
[    0.185153] NET: Registered protocol family 1
[    0.186053] pci 0000:00:00.0: Limiting direct PCI/PCI transfers
[    0.186908] pci 0000:00:01.0: Activating ISA DMA hang workarounds
[    0.187807] pci 0000:00:02.0: Video device with shadowed ROM at [mem 0x000c0000-0x000dffff]
[    0.189093] Unpacking initramfs...
[    0.416466] Freeing initrd memory: 19144K
[    0.418187] clocksource: tsc: mask: 0xffffffffffffffff max_cycles: 0x2135f5e6f15, max_idle_ns: 440795231538 ns
[    0.420986] platform rtc_cmos: registered platform RTC device (no PNP device found)
[    0.422612] Scanning for low memory corruption every 60 seconds
[    0.423765] Initialise system trusted keyrings
[    0.424506] Key type blacklist registered
[    0.425742] workingset: timestamp_bits=36 max_order=19 bucket_order=0
[    0.428814] zbud: loaded
[    0.429853] squashfs: version 4.0 (2009/01/31) Phillip Lougher
[    0.431024] fuse init (API version 7.26)
[    0.432036] Key type asymmetric registered
[    0.433049] Asymmetric key parser 'x509' registered
[    0.434140] Block layer SCSI generic (bsg) driver version 0.4 loaded (major 246)
[    0.435917] io scheduler noop registered
[    0.436754] io scheduler deadline registered
[    0.437370] io scheduler cfq registered (default)
[    0.438376] ACPI: AC Adapter [AC] (off-line)
[    0.439038] input: Power Button as /devices/LNXSYSTM:00/LNXPWRBN:00/input/input0
[    0.440096] ACPI: Power Button [PWRF]
[    0.440733] input: Sleep Button as /devices/LNXSYSTM:00/LNXSLPBN:00/input/input1
[    0.442136] ACPI: Sleep Button [SLPF]
[    0.443670] ACPI: Battery Slot [BAT0] (battery present)
[    0.444487] Serial: 8250/16550 driver, 32 ports, IRQ sharing enabled
[    0.467086] 00:02: ttyS0 at I/O 0x3f8 (irq = 4, base_baud = 115200) is a 16550A
[    0.469076] Linux agpgart interface v0.103
[    0.470278] loop: module loaded
[    0.471237] scsi host0: ata_piix
[    0.471759] scsi host1: ata_piix
[    0.472273] ata1: PATA max UDMA/33 cmd 0x1f0 ctl 0x3f6 bmdma 0xd000 irq 14
[    0.473281] ata2: PATA max UDMA/33 cmd 0x170 ctl 0x376 bmdma 0xd008 irq 15
[    0.475073] libphy: Fixed MDIO Bus: probed
[    0.475662] tun: Universal TUN/TAP device driver, 1.6
[    0.476409] PPP generic driver version 2.4.2
[    0.477116] ehci_hcd: USB 2.0 'Enhanced' Host Controller (EHCI) Driver
[    0.478249] ehci-pci: EHCI PCI platform driver
[    0.478882] ehci-platform: EHCI generic platform driver
[    0.479613] ohci_hcd: USB 1.1 'Open' Host Controller (OHCI) Driver
[    0.480481] ohci-pci: OHCI PCI platform driver
[    0.481126] ohci-platform: OHCI generic platform driver
[    0.483094] uhci_hcd: USB Universal Host Controller Interface driver
[    0.485454] i8042: PNP: PS/2 Controller [PNP0303:PS2K,PNP0f03:PS2M] at 0x60,0x64 irq 1,12
[    0.487408] serio: i8042 KBD port at 0x60,0x64 irq 1
[    0.489045] serio: i8042 AUX port at 0x60,0x64 irq 12
[    0.490816] mousedev: PS/2 mouse device common for all mice
[    0.492086] input: AT Translated Set 2 keyboard as /devices/platform/i8042/serio0/input/input2
[    0.493625] rtc_cmos rtc_cmos: rtc core: registered rtc_cmos as rtc0
[    0.495109] rtc_cmos rtc_cmos: alarms up to one day, 114 bytes nvram
[    0.496692] i2c /dev entries driver
[    0.497609] device-mapper: uevent: version 1.0.3
[    0.498667] device-mapper: ioctl: 4.37.0-ioctl (2017-09-20) initialised: dm-devel@redhat.com
[    0.501253] ledtrig-cpu: registered to indicate activity on CPUs
[    0.502324] intel_pmc_core:  initialized
[    0.503186] NET: Registered protocol family 10
[    0.505856] Segment Routing with IPv6
[    0.506452] NET: Registered protocol family 17
[    0.507129] Key type dns_resolver registered
[    0.508474] RAS: Correctable Errors collector initialized.
[    0.509569] sched_clock: Marking stable (508400476, 0)->(766027557, -257627081)
[    0.510743] registered taskstats version 1
[    0.511393] Loading compiled-in X.509 certificates
[    0.513713] Loaded X.509 cert 'Build time autogenerated kernel key: e343dd3e31c9820cf0adf0156bc2eecdcfc394af'
[    0.515540] zswap: loaded using pool lzo/zbud
[    0.518235] Key type big_key registered
[    0.518897] Key type trusted registered
[    0.520350] Key type encrypted registered
[    0.521029] AppArmor: AppArmor sha1 policy hashing enabled
[    0.521848] ima: No TPM chip found, activating TPM-bypass! (rc=-19)
[    0.523039] ima: Allocated hash algorithm: sha1
[    0.523738] evm: HMAC attrs: 0x1
[    0.524553]   Magic number: 11:202:713
[    0.525192] rtc_cmos rtc_cmos: setting system clock to 2019-11-17 02:43:52 UTC (1573958632)
[    0.526941] BIOS EDD facility v0.16 2004-Jun-25, 0 devices found
[    0.527836] EDD information not available.
[    0.634240] Freeing unused kernel image memory: 2424K
[    0.644156] Write protecting the kernel read-only data: 20480k
[    0.645885] Freeing unused kernel image memory: 2008K
[    0.647152] Freeing unused kernel image memory: 1864K
[    0.655697] x86/mm: Checked W+X mappings: passed, no W+X pages found.
[    0.656824] x86/mm: Checking user space page tables
[    0.664544] x86/mm: Checked W+X mappings: passed, no W+X pages found.
Loading, please wait...
starting version 237
[    0.732807] e1000: Intel(R) PRO/1000 Network Driver - version 7.3.21-k8-NAPI
[    0.734286] e1000: Copyright (c) 1999-2006 Intel Corporation.
[    0.738098] Fusion MPT base driver 3.04.20
[    0.738993] Copyright (c) 1999-2008 LSI Corporation
[    0.753332] Fusion MPT SPI Host driver 3.04.20
[    0.765101] AVX2 version of gcm_enc/dec engaged.
[    0.765823] AES CTR mode by8 optimization enabled
[    0.946070] input: ImExPS/2 Generic Explorer Mouse as /devices/platform/i8042/serio1/input/input4
[    1.129202] e1000 0000:00:03.0 eth0: (PCI:33MHz:32-bit) 02:19:d6:3c:94:c8
[    1.131130] e1000 0000:00:03.0 eth0: Intel(R) PRO/1000 Network Connection
[    1.133655] mptbase: ioc0: Initiating bringup
[    1.228855] ioc0: LSI53C1030 A0: Capabilities={Initiator}
[    1.470472] scsi host2: ioc0: LSI53C1030 A0, FwRev=00000000h, Ports=1, MaxQ=256, IRQ=20
[    1.640763] scsi 2:0:0:0: Direct-Access     VBOX     HARDDISK         1.0  PQ: 0 ANSI: 5
[    1.643300] scsi target2:0:0: Beginning Domain Validation
[    1.647273] scsi target2:0:0: Domain Validation skipping write tests
[    1.648917] scsi target2:0:0: Ending Domain Validation
[    1.650307] scsi target2:0:0: asynchronous
[    1.651545] random: fast init done
[    1.652763] scsi 2:0:1:0: Direct-Access     VBOX     HARDDISK         1.0  PQ: 0 ANSI: 5
[    1.654715] scsi target2:0:1: Beginning Domain Validation
[    1.656791] scsi target2:0:1: Domain Validation skipping write tests
[    1.658630] scsi target2:0:1: Ending Domain Validation
[    1.659793] scsi target2:0:1: asynchronous
[    1.664482] random: systemd-udevd: uninitialized urandom read (16 bytes read)
[    1.666202] random: systemd-udevd: uninitialized urandom read (16 bytes read)
[    1.667472] random: systemd-udevd: uninitialized urandom read (16 bytes read)
[    1.669145] sd 2:0:0:0: Attached scsi generic sg0 type 0
[    1.670725] sd 2:0:0:0: [sda] 20971520 512-byte logical blocks: (10.7 GB/10.0 GiB)
[    1.672163] sd 2:0:0:0: [sda] Write Protect is off
[    1.673088] sd 2:0:0:0: [sda] Incomplete mode parameter data
[    1.674305] sd 2:0:0:0: [sda] Assuming drive cache: write through
[    1.675589] sd 2:0:1:0: [sdb] 20480 512-byte logical blocks: (10.5 MB/10.0 MiB)
[    1.676986] sd 2:0:1:0: [sdb] Write Protect is off
[    1.678057] sd 2:0:1:0: Attached scsi generic sg1 type 0
[    1.679559] sd 2:0:1:0: [sdb] Incomplete mode parameter data
[    1.680511] sd 2:0:1:0: [sdb] Assuming drive cache: write through
[    1.691145]  sda: sda1
[    1.692325] sd 2:0:0:0: [sda] Attached SCSI disk
[    1.697928] sd 2:0:1:0: [sdb] Attached SCSI disk
[    2.037929] e1000 0000:00:08.0 eth1: (PCI:33MHz:32-bit) 08:00:27:72:49:e0
[    2.040010] e1000 0000:00:08.0 eth1: Intel(R) PRO/1000 Network Connection
[    2.042532] e1000 0000:00:08.0 enp0s8: renamed from eth1
[    2.045674] e1000 0000:00:03.0 enp0s3: renamed from eth0
Begin: Loading essential drivers ... [    3.364897] raid6: sse2x1   gen() 12324 MB/s
[    3.412417] raid6: sse2x1   xor()  5254 MB/s
[    3.460329] raid6: sse2x2   gen() 16079 MB/s
[    3.509293] raid6: sse2x2   xor() 10387 MB/s
[    3.556381] raid6: sse2x4   gen() 17380 MB/s
[    3.604386] raid6: sse2x4   xor()  9820 MB/s
[    3.652606] raid6: avx2x1   gen() 27475 MB/s
[    3.701052] raid6: avx2x1   xor() 16318 MB/s
[    3.752996] raid6: avx2x2   gen() 32063 MB/s
[    3.800274] raid6: avx2x2   xor() 19591 MB/s
[    3.851071] raid6: avx2x4   gen() 38469 MB/s
[    3.901165] raid6: avx2x4   xor() 21920 MB/s
[    3.902546] raid6: using algorithm avx2x4 gen() 38469 MB/s
[    3.904071] raid6: .... xor() 21920 MB/s, rmw enabled
[    3.905093] raid6: using avx2x2 recovery algorithm
[    3.907037] xor: automatically using best checksumming function   avx       
[    3.909710] async_tx: api initialized (async)
done.
Begin: Running /scripts/init-premount ... done.
Begin: Mounting root file system ... Begin: Running /scripts/local-top ... done.
Begin: Running /scripts/local-premount ... [    3.952593] Btrfs loaded, crc32c=crc32c-intel
Scanning for Btrfs filesystems
done.
Warning: fsck not present, so skipping root file system
[    3.968503] EXT4-fs (sda1): mounted filesystem with ordered data mode. Opts: (null)
done.
Begin: Running /scripts/local-bottom ... done.
Begin: Running /scripts/init-bottom ... done.
[    4.068247] ip_tables: (C) 2000-2006 Netfilter Core Team
[    4.073631] systemd[1]: systemd 237 running in system mode. (+PAM +AUDIT +SELINUX +IMA +APPARMOR +SMACK +SYSVINIT +UTMP +LIBCRYPTSETUP +GCRYPT +GNUTLS +ACL +XZ +LZ4 +SECCOMP +BLKID +ELFUTILS +KMOD -IDN2 +IDN -PCRE2 default-hierarchy=hybrid)
[    4.077041] systemd[1]: Detected virtualization oracle.
[    4.077897] systemd[1]: Detected architecture x86-64.

Welcome to [1mUbuntu 18.04.3 LTS[0m!

[    4.080767] systemd[1]: Set hostname to <ubuntu>.
[    4.083471] systemd[1]: Initializing machine ID from random generator.
[    4.084593] systemd[1]: Installed transient /etc/machine-id file.
[    4.200318] systemd[1]: Reached target Swap.
[[0;32m  OK  [0m] Reached target Swap.
[    4.201613] systemd[1]: Reached target User and Group Name Lookups.
[[0;32m  OK  [0m] Reached target User and Group Name Lookups.
[    4.203346] systemd[1]: Started Forward Password Requests to Wall Directory Watch.
[[0;32m  OK  [0m] Started Forward Password Requests to Wall Directory Watch.
[    4.205507] systemd[1]: Set up automount Arbitrary Executable File Formats File System Automount Point.
[[0;32m  OK  [0m] Set up automount Arbitrary Executab…rmats File System Automount Point.
[[0;32m  OK  [0m] Reached target System Time Synchronized.
[[0;32m  OK  [0m] Created slice System Slice.
[[0;32m  OK  [0m] Listening on /dev/initctl Compatibility Named Pipe.
[[0;32m  OK  [0m] Listening on Network Service Netlink Socket.
[[0;32m  OK  [0m] Listening on Syslog Socket.
[[0;32m  OK  [0m] Listening on LVM2 poll daemon socket.
[[0;32m  OK  [0m] Created slice system-serial\x2dgetty.slice.
[[0;32m  OK  [0m] Listening on LVM2 metadata daemon socket.
[[0;32m  OK  [0m] Listening on udev Kernel Socket.
[[0;32m  OK  [0m] Listening on Journal Socket (/dev/log).
[[0;32m  OK  [0m] Listening on Journal Audit Socket.
[[0;32m  OK  [0m] Listening on Journal Socket.
         Starting Load Kernel Modules...
         Mounting POSIX Message Queue File System...
[    4.303298] Loading iSCSI transport class v2.0-870.
         Starting Set the console keyboard layout...
         Starting Create list of required st…ce nodes for the current kernel...
[    4.312422] iscsi: registered transport (tcp)
         Mounting Kernel Debug File System...
         Starting Uncomplicated firewall...
         Starting Remount Root and Kernel File Systems...
[[0;32m  OK  [0m] Created slice User and Session Slice.
[[0;32m  OK  [0m] Reached target Slices.
         Starting Journal Service...
[[0;32m  OK  [0m] Listening on udev Control Socket.
         Starting udev Coldplug all Devices...
[[0;32m  OK  [0m] Listening on Device-mapper event daemon FIFOs.
         Starting Monitoring of LVM2 mirrors…ng dmeventd or progress polling...
         Mounting Huge Pages File System...
[[0;32m  OK  [0m] Mounted POSIX Message Queue File System.
[[0;32m  OK  [0m] Started Create list of required sta…vice nodes for the current kernel.
[[0;32m  OK  [0m] Mounted Kernel Debug File System.
[[0;32m  OK  [0m] Started Uncomplicated firewall.
[[0;32m  OK  [0m] Mounted Huge Pages File System.
         Starting Create Static Device Nodes in /dev...
[    4.396236] EXT4-fs (sda1): re-mounted. Opts: (null)
[[0;32m  OK  [0m] Started Remount Root and Kernel File Systems.
         Starting Load/Save Random Seed...
[    4.436526] iscsi: registered transport (iser)
[[0;32m  OK  [0m] Started Load Kernel Modules.
[[0;32m  OK  [0m] Started Create Static Device Nodes in /dev.
[[0;32m  OK  [0m] Started LVM2 metadata daemon.
         Starting udev Kernel Device Manager...
         Starting Apply Kernel Variables...
         Mounting FUSE Control File System...
         Mounting Kernel Configuration File System...
[[0;32m  OK  [0m] Started Load/Save Random Seed.
[[0;32m  OK  [0m] Mounted FUSE Control File System.
[[0;32m  OK  [0m] Mounted Kernel Configuration File System.
[[0;32m  OK  [0m] Started udev Coldplug all Devices.
[[0;32m  OK  [0m] Started Monitoring of LVM2 mirrors,…sing dmeventd or progress polling.
[[0;32m  OK  [0m] Started Journal Service.
         Starting Flush Journal to Persistent Storage...
[[0;32m  OK  [0m] Started udev Kernel Device Manager.
[[0;32m  OK  [0m] Started Apply Kernel Variables.
[[0;32m  OK  [0m] Started Flush Journal to Persistent Storage.
[[0;32m  OK  [0m] Found device /dev/ttyS0.
[[0;32m  OK  [0m] Listening on Load/Save RF Kill Switch Status /dev/rfkill Watch.
[[0;32m  OK  [0m] Started Set the console keyboard layout.
[[0;32m  OK  [0m] Started Dispatch Password Requests to Console Directory Watch.
[[0;32m  OK  [0m] Reached target Local Encrypted Volumes.
[[0;32m  OK  [0m] Reached target Local File Systems (Pre).
[[0;32m  OK  [0m] Reached target Local File Systems.
         Starting Create Volatile Files and Directories...
         Starting ebtables ruleset management...
         Starting AppArmor initialization...
         Starting Set console font and keymap...
         Starting Tell Plymouth To Write Out Runtime Data...
         Starting Commit a transient machine-id on disk...
[[0;32m  OK  [0m] Started Tell Plymouth To Write Out Runtime Data.
[[0;32m  OK  [0m] Started Commit a transient machine-id on disk.
[[0;32m  OK  [0m] Started Create Volatile Files and Directories.
         Starting Update UTMP about System Boot/Shutdown...
[[0;32m  OK  [0m] Started Update UTMP about System Boot/Shutdown.
[[0;32m  OK  [0m] Started ebtables ruleset management.
[[0;32m  OK  [0m] Started AppArmor initialization.
         Starting Initial cloud-init job (pre-networking)...
[[0;32m  OK  [0m] Started Set console font and keymap.
[    7.689235] cloud-init[760]: Cloud-init v. 19.1-1-gbaa47854-0ubuntu1~18.04.1 running 'init-local' at Sun, 17 Nov 2019 02:43:59 +0000. Up 7.46 seconds.
[[0;32m  OK  [0m] Started Initial cloud-init job (pre-networking).
[[0;32m  OK  [0m] Reached target Network (Pre).
         Starting Network Service...
[[0;32m  OK  [0m] Started Network Service.
         Starting Wait for Network to be Configured...
         Starting Network Name Resolution...
[[0;32m  OK  [0m] Started Network Name Resolution.
[[0;32m  OK  [0m] Reached target Network.
[[0;32m  OK  [0m] Reached target Host and Network Name Lookups.
[[0;32m  OK  [0m] Started Wait for Network to be Configured.
         Starting Initial cloud-init job (metadata service crawler)...
[    9.650998] cloud-init[902]: Cloud-init v. 19.1-1-gbaa47854-0ubuntu1~18.04.1 running 'init' at Sun, 17 Nov 2019 02:44:01 +0000. Up 9.54 seconds.
[    9.652107] cloud-init[902]: ci-info: ++++++++++++++++++++++++++++++++++++++Net device info+++++++++++++++++++++++++++++++++++++++
[    9.652883] cloud-init[902]: ci-info: +--------+-------+----------------------------+---------------+--------+-------------------+
[    9.664401] cloud-init[902]: ci-info: | Device |   Up  |          Address           |      Mask     | Scope  |     Hw-Address    |
[    9.665427] cloud-init[902]: ci-info: +--------+-------+----------------------------+---------------+--------+-------------------+
[    9.666721] cloud-init[902]: ci-info: | enp0s3 |  True |         10.0.2.15          | 255.255.255.0 | global | 02:19:d6:3c:94:c8 |
[    9.667851] cloud-init[902]: ci-info: | enp0s3 |  True | fe80::19:d6ff:fe3c:94c8/64 |       .       |  link  | 02:19:d6:3c:94:c8 |
[    9.668796] cloud-init[902]: ci-info: | enp0s8 | False |             .              |       .       |   .    | 08:00:27:72:49:e0 |
[    9.673467] cloud-init[902]: ci-info: |   lo   |  True |         127.0.0.1          |   255.0.0.0   |  host  |         .         |
[    9.675218] cloud-init[902]: ci-info: |   lo   |  True |          ::1/128           |       .       |  host  |         .         |
[    9.677099] cloud-init[902]: ci-info: +--------+-------+----------------------------+---------------+--------+-------------------+
[    9.678947] cloud-init[902]: ci-info: ++++++++++++++++++++++++++++Route IPv4 info+++++++++++++++++++++++++++++
[    9.680738] cloud-init[902]: ci-info: +-------+-------------+----------+-----------------+-----------+-------+
[    9.683988] cloud-init[902]: ci-info: | Route | Destination | Gateway  |     Genmask     | Interface | Flags |
[    9.685382] cloud-init[902]: ci-info: +-------+-------------+----------+-----------------+-----------+-------+
[    9.688274] cloud-init[902]: ci-info: |   0   |   0.0.0.0   | 10.0.2.2 |     0.0.0.0     |   enp0s3  |   UG  |
[    9.691214] cloud-init[902]: ci-info: |   1   |   10.0.2.0  | 0.0.0.0  |  255.255.255.0  |   enp0s3  |   U   |
[    9.693792] cloud-init[902]: ci-info: |   2   |   10.0.2.2  | 0.0.0.0  | 255.255.255.255 |   enp0s3  |   UH  |
[    9.696098] cloud-init[902]: ci-info: +-------+-------------+----------+-----------------+-----------+-------+
[    9.697917] cloud-init[902]: ci-info: +++++++++++++++++++Route IPv6 info+++++++++++++++++++
[    9.700133] cloud-init[902]: ci-info: +-------+-------------+---------+-----------+-------+
[    9.700828] cloud-init[902]: ci-info: | Route | Destination | Gateway | Interface | Flags |
[    9.701693] cloud-init[902]: ci-info: +-------+-------------+---------+-----------+-------+
[    9.712159] cloud-init[902]: ci-info: |   1   |  fe80::/64  |    ::   |   enp0s3  |   U   |
[    9.724186] cloud-init[902]: ci-info: |   3   |    local    |    ::   |   enp0s3  |   U   |
[    9.736153] cloud-init[902]: ci-info: |   4   |   ff00::/8  |    ::   |   enp0s3  |   U   |
[    9.748194] cloud-init[902]: ci-info: +-------+-------------+---------+-----------+-------+
[   10.214667] cloud-init[902]: Generating public/private rsa key pair.
[   10.224386] cloud-init[902]: Your identification has been saved in /etc/ssh/ssh_host_rsa_key.
[   10.225593] cloud-init[902]: Your public key has been saved in /etc/ssh/ssh_host_rsa_key.pub.
[   10.226842] cloud-init[902]: The key fingerprint is:
[   10.228252] cloud-init[902]: SHA256:l0V0izRkH+aED7VnvbbMDe9NulPbXiGcoh5z+njOfmg root@ubuntu-bionic
[   10.232180] cloud-init[902]: The key's randomart image is:
[   10.244177] cloud-init[902]: +---[RSA 2048]----+
[   10.256508] cloud-init[902]: |           oBo*  |
[[0;32m  OK  [0m] Started Initial cloud-init job (metadata service crawler).
[[   10.271953] cloud-init[902]: |           +oO +.|
[   10.273033] cloud-init[902]: |            oo= +|
[   10.273814] cloud-init[902]: |           o. oo.|
[   10.274580] cloud-init[902]: |        S o. +.+ |
[   10.275342] cloud-init[902]: |         .. . =o=|
[0;32m  OK  [0m] Reached target Network is Online.
         Starting Availability of block devices...
[[0;32m  OK  [0m] Reached target Remote File Systems (Pre).
[[0;32m  OK  [0m] Reached target Remote File Systems.
[[0;32m  OK  [0m] Reached target System Initialization.
[[0;32m  OK  [0m] Listening on D-Bus System Message Bus Socket.
[[0;32m  OK  [0m] Listening on ACPID Listen Socket.
[[0;32m  OK  [0m] Started Discard unused blocks once a week.
[[0;32m  OK  [0m] Listening on Open-iSCSI iscsid Socket.
[[0;32m  OK  [0m] Started Message of the Day.[   10.291009] cloud-init[902]: |         + ..  =B|
[   10.291792] cloud-init
[902]: [[0;32m  OK  [0m] Started ACPI Events Check.
[[0;32m  OK  [0m] Reached target Paths.
[[0;32m  OK  [0m] Listening on UUID daemon activation socket.
|        . BE ..=+|         Starting LXD - unix socket.
[[0;32m  OK  [0m] Started Daily Cleanup of Temporary Directories.
         Starting Socket activation for snappy daemon.
[[0;32m  OK  [0m] Started Daily apt download activities.
[   10.300412] cloud-init[902]: |         +*=. o++|
[   10.301164] cloud-init[902]: +----[SHA256]-----+
[   10.301655] cloud-init[902]: Generating public/private dsa key pair.
[   10.302493] cloud-init[902]: Your identification has been saved in /etc/ssh/ssh_host_dsa_key.
[   10.303722] cloud-init[902]: 
[[0;32m  OK  [0m] Started Daily apt upgrade and clean activities.
[[0;32m  OK  [0m] Reached target Timers.
[[0;32m  OK  [0m] Reached target Cloud-config availability.
[[0;32m  OK  [0m] Started Availability of block devices.
[[0;32m  OK  [0m] Listening on LXD - unix socket.
[[0;32m  OK  [0m] Listening on Socket activation for snappy daemon.
[[0;32m  OK  [0m] Reached target Sockets.
[[0;32m  OK  [0m] Reached target Basic System.
Your public key has been saved in /etc/ssh/ssh_host_dsa_key.pub.
         Starting Permit User Sessions...
[   10.331829] cloud-init[902]: The key fingerprint is:
         Starting LSB: automatic crash report generation...[   10.348396] cloud-init[902]: SHA256:xdw+SDNPfvFo4sk/9teCIvaI+Q/RtLCiGrCHau+7C2s root@ubuntu-bionic
[   10.348842] cloud-init[902]: The key's randomart image is:
[   10.348945] cloud-init[902]: +---[DSA 1024]----+
[   10.350666] cloud-init[902]: |                 |
[   10.351374] cloud-init[902]: |         o .     |

[[0;32m  OK  [0m] Started Deferred execution scheduler.
         Starting Login Service...
         Starting Virtualbox guest utils...
[   10.366104] cloud-init[902]: |        . O o .  |
[   10.368877] cloud-init[902]: |         B X   + |
[[0;32m  OK  [0m] Started Regular background program processing daemon.
[   10.370250]          Starting Pollinate to seed the pseudo random number generator...
cloud-init[902]: |.     . S + * + .|
         Starting Accounts Service...
[   10.378202] cloud-init[902]: | +   . . . o *   |
[[0;32m  OK  [0m] Started FUSE filesystem for LXC.
[   10.388366] cloud-init[902]: |o.o .   .   +.  .|
[   10.388940] cloud-init[902]: |.Eoo   ooo. ..+ o|
[   10.392990] cloud-init[902]: |+.+*+ ooo+o. ..+o|
[   10.395696] cloud-init[902]: +----[SHA256]-----+
[   10.397522] cloud-init[902]: Generating public/private ecdsa key pair.
[   10.398647] cloud-init[902]: Your identification has been saved in /etc/ssh/ssh_host_ecdsa_key.
[   10.399902] cloud-init[902]: Your public key has been saved in /etc/ssh/ssh_host_ecdsa_key.pub.
[   10.404190] cloud-init[902]: The key fingerprint is:
[   10.405378] cloud-init[902]: SHA256:MrNTKkzJp4RIS1gncnc4pcwgmm7Y0CT4DxrxMnuNRsQ root@ubuntu-bionic
[   10.408167] cloud-init[902]: The key's randomart image is:
[   10.409121] cloud-init[902]: +---[ECDSA 256]---+
[   10.412694] cloud-init[902]: |=.* ooo          |
         Starting Dispatcher daemon for systemd-networkd...[   10.428721] cloud-init[902]: |=XEBoo           |
[   10.429375] 
cloud-init[902]: |=B. +.           |
         Starting System Logging Service...
         Starting LSB: Record successful boot for GRUB...
[   10.433818] cloud-init[902]: |O+*o .           |
[   10.440044] cloud-init[902]: |o@o== = S        |
[   10.444544] cloud-init[902]: |+ ++oo B         |
[   10.448408] cloud-init[902]: | o  + +          |
[   10.449167] cloud-init[902]: |     . .         |
[   10.451689] cloud-init[902]: |                 |
[   10.452448] cloud-init[902]: +----[SHA256]-----+
[   10.464201] cloud-init[902]: Generating public/private ed25519 key pair.
[   10.465086] cloud-init[902]: Your identification has been saved in /etc/ssh/ssh_host_ed25519_key.
[   10.465932] cloud-init[902]: Your public key has been saved in /etc/ssh/ssh_host_ed25519_key.pub.
[   10.466817] cloud-init[902]: The key fingerprint is:
[   10.467527] cloud-init[902]: SHA256:M5CQflSg1aRQ6w94sgXel0NP9z+l6MZ6Wv07AvmsWNc root@ubuntu-bionic
[   10.480376] cloud-init[902]: The key's randomart image is:
[   10.480908] cloud-init[902]: +--[ED25519 256]--+
         [   10.495535] cloud-init[902]: |    oo+=o        |Starting Snappy daemon...
[[0;32m  OK  [0m] Started D-Bus System Message Bus.

[   10.500325] cloud-init[902]: |    .=.+.        |
[   10.503142] cloud-init[902]: |   .o.= . . .    |
[   10.507139] cloud-init[902]: |   ..=.o + . .   |
[   10.514252] cloud-init[902]: |    +.* S . . . .|
[   10.516086] cloud-init[902]: |     = + + o o.o.|
[   10.528545] cloud-init[902]: |    .   .  o*.oE.|
[   10.529432] cloud-init[902]: |          oo=+ o.|
[   10.530665] cloud-init[902]: |         .o*o ..+|
[   10.531989] cloud-init[902]: +----[SHA256]-----+
[[0;32m  OK  [0m] Started Login Service.
[[0;32m  OK  [0m] Started Unattended Upgrades Shutdown.
[[0;32m  OK  [0m] Started irqbalance daemon.
         Starting LXD - container startup/shutdown...
[[0;32m  OK  [0m] Started System Logging Service.
[[0;32m  OK  [0m] Started Permit User Sessions.
[[0;32m  OK  [0m] Started LSB: automatic crash report generation.
         Starting Authorization Manager...
         Starting Hold until boot process finishes up...
         Starting Terminate Plymouth Boot Screen...
[[0;32m  OK  [0m] Started Hold until boot process finishes up.
[[0;32m  OK  [0m] Started Terminate Plymouth Boot Screen.
         Starting Set console scheme...
[[0;32m  OK  [0m] Started Serial Getty on ttyS0.
[[0;32m  OK  [0m] Started Set console scheme.
[[0;32m  OK  [0m] Created slice system-getty.slice.
[[0;32m  OK  [0m] Started Getty on tty1.
[[0;32m  OK  [0m] Reached target Login Prompts.
[[0;32m  OK  [0m] Started LXD - container startup/shutdown.
[[0;32m  OK  [0m] Started LSB: Record successful boot for GRUB.
[[0;32m  OK  [0m] Started Authorization Manager.
[[0;32m  OK  [0m] Started Accounts Service.
[[0;32m  OK  [0m] Started Virtualbox guest utils.
[[0;32m  OK  [0m] Started Dispatcher daemon for systemd-networkd.
[[0;32m  OK  [0m] Started Snappy daemon.
         Starting Wait until snapd is fully seeded...
[[0;32m  OK  [0m] Started Pollinate to seed the pseudo random number generator.
         Starting OpenBSD Secure Shell server...
[[0;32m  OK  [0m] Started OpenBSD Secure Shell server.
[[0;32m  OK  [0m] Created slice User Slice of vagrant.
         Starting User Manager for UID 1000...
[[0;32m  OK  [0m] Started Session 1 of user vagrant.
[[0;32m  OK  [0m] Started User Manager for UID 1000.

Ubuntu 18.04.3 LTS ubuntu-bionic ttyS0

ubuntu-bionic login: [   17.403481] cloud-init[1606]: Cloud-init v. 19.1-1-gbaa47854-0ubuntu1~18.04.1 running 'modules:config' at Sun, 17 Nov 2019 02:44:09 +0000. Up 17.16 seconds.
ci-info: no authorized ssh keys fingerprints found for user ubuntu.
<14>Nov 17 02:44:09 ec2: 
<14>Nov 17 02:44:09 ec2: #############################################################
<14>Nov 17 02:44:09 ec2: -----BEGIN SSH HOST KEY FINGERPRINTS-----
<14>Nov 17 02:44:09 ec2: 1024 SHA256:xdw+SDNPfvFo4sk/9teCIvaI+Q/RtLCiGrCHau+7C2s root@ubuntu-bionic (DSA)
<14>Nov 17 02:44:09 ec2: 256 SHA256:MrNTKkzJp4RIS1gncnc4pcwgmm7Y0CT4DxrxMnuNRsQ root@ubuntu-bionic (ECDSA)
<14>Nov 17 02:44:09 ec2: 256 SHA256:M5CQflSg1aRQ6w94sgXel0NP9z+l6MZ6Wv07AvmsWNc root@ubuntu-bionic (ED25519)
<14>Nov 17 02:44:09 ec2: 2048 SHA256:l0V0izRkH+aED7VnvbbMDe9NulPbXiGcoh5z+njOfmg root@ubuntu-bionic (RSA)
<14>Nov 17 02:44:09 ec2: -----END SSH HOST KEY FINGERPRINTS-----
<14>Nov 17 02:44:09 ec2: #############################################################
-----BEGIN SSH HOST KEY KEYS-----
ecdsa-sha2-nistp256 AAAAE2VjZHNhLXNoYTItbmlzdHAyNTYAAAAIbmlzdHAyNTYAAABBBHSuaWydtvgdLKYnADOk+jIVHhv4AUaVN/AAY9GZoMcOnlsRSdmJv47/hZCB3m6aArzLBCg0wBaVsWEG1H9k+8g= root@ubuntu-bionic
ssh-ed25519 AAAAC3NzaC1lZDI1NTE5AAAAILcJnnklPtVPts/KeEYNF66Lg94LmD2UMKGXoinNGQTp root@ubuntu-bionic
ssh-rsa AAAAB3NzaC1yc2EAAAADAQABAAABAQC1xjrsn4Q77JxgQHzs+26HhO9Sn3PRllks0OU2ql76cBphcw3sKAyfGBOGLnQS6bdR5fMAE7+VMha4E3lbuhzgL2V8vk5AO+dsAIThJHBWL4XqDy3sDHjagyLBAoeNlcEXjnEjemxMVettwBaeNyKAoNEOy0iQOUZay4bBASpCHQPFpCNDqITX7n3mPJW3uXDEq+ucEvsBCAL6BcUsYsOC8iPWiewCWovKgYQPlUi/6mTxCp8GAMJDl24Kl0EtGburJ/rz7wHc/WpK7I+51WnI+9gMG85bkWaoBWz1WxFonzaQfWGcygLFyBQwl3pXczXEX5kv7Tw5FJO1GKetN0P7 root@ubuntu-bionic
-----END SSH HOST KEY KEYS-----
[   17.920615] cloud-init[1702]: Cloud-init v. 19.1-1-gbaa47854-0ubuntu1~18.04.1 running 'modules:final' at Sun, 17 Nov 2019 02:44:09 +0000. Up 17.75 seconds.
[   17.920798] cloud-init[1702]: ci-info: no authorized ssh keys fingerprints found for user ubuntu.
[   17.924787] cloud-init[1702]: Cloud-init v. 19.1-1-gbaa47854-0ubuntu1~18.04.1 finished at Sun, 17 Nov 2019 02:44:09 +0000. Datasource DataSourceNoCloud [seed=/dev/sdb][dsmode=net].  Up 17.91 seconds
